<?xml version="1.0" encoding="UTF-8"?>
<!-- Generated by org.testng.reporters.JUnitReportReporter -->
<testsuite name="com.CPPIB.Test.ButtonTest" tests="2" time="0.002" ignored="0" failures="0" timestamp="17 Jan 2017 15:51:41 GMT" skipped="0" hostname="DT-JDEROCHIE" errors="0">
  <testcase name="ButtonConstructorTest" time="0.001" classname="com.CPPIB.Test.ButtonTest"/>
  <testcase name="ButtonConstructorTest" time="0.001" classname="com.CPPIB.Test.ButtonTest"/>
</testsuite> <!-- com.CPPIB.Test.ButtonTest -->
