<?xml version="1.0" encoding="UTF-8"?>
<!-- Generated by org.testng.reporters.JUnitReportReporter -->
<testsuite name="com.CPPIB.Test.AngularDivTest" tests="4" time="0.010" ignored="0" failures="0" timestamp="17 Jan 2017 15:51:41 GMT" skipped="0" hostname="DT-JDEROCHIE" errors="0">
  <testcase name="AngularDivConstructorTest" time="0.001" classname="com.CPPIB.Test.AngularDivTest"/>
  <testcase name="AngularDivConstructorTest" time="0.007" classname="com.CPPIB.Test.AngularDivTest"/>
  <testcase name="AngularDivConstructorTest" time="0.001" classname="com.CPPIB.Test.AngularDivTest"/>
  <testcase name="AngularDivConstructorTest" time="0.001" classname="com.CPPIB.Test.AngularDivTest"/>
</testsuite> <!-- com.CPPIB.Test.AngularDivTest -->
