<?xml version="1.0" encoding="UTF-8"?>
<!-- Generated by org.testng.reporters.JUnitReportReporter -->
<testsuite name="com.CPPIB.Test.PageWriterTest" tests="1" time="0.000" ignored="0" failures="0" timestamp="17 Jan 2017 15:51:41 GMT" skipped="0" hostname="DT-JDEROCHIE" errors="0">
  <testcase name="PageWriterConstructorTest" time="0.000" classname="com.CPPIB.Test.PageWriterTest"/>
</testsuite> <!-- com.CPPIB.Test.PageWriterTest -->
