<?xml version="1.0" encoding="UTF-8"?>
<!-- Generated by org.testng.reporters.JUnitReportReporter -->
<testsuite name="com.CPPIB.Test.HtmlMapTest" tests="9" time="0.004" ignored="0" failures="0" timestamp="17 Jan 2017 15:51:41 GMT" skipped="0" hostname="DT-JDEROCHIE" errors="0">
  <testcase name="HtmlMapHasChildrenTest" time="0.002" classname="com.CPPIB.Test.HtmlMapTest"/>
  <testcase name="HtmlMapAddChildrenTest" time="0.000" classname="com.CPPIB.Test.HtmlMapTest"/>
  <testcase name="HtmlMapGetDataTest" time="0.000" classname="com.CPPIB.Test.HtmlMapTest"/>
  <testcase name="HtmlMapConstructorTest" time="0.001" classname="com.CPPIB.Test.HtmlMapTest"/>
  <testcase name="HtmlMapGetChildrenTest" time="0.000" classname="com.CPPIB.Test.HtmlMapTest"/>
  <testcase name="HtmlMapSetParentTest" time="0.000" classname="com.CPPIB.Test.HtmlMapTest"/>
  <testcase name="HtmlMapConstructorTest" time="0.000" classname="com.CPPIB.Test.HtmlMapTest"/>
  <testcase name="HtmlMapGetParentTest" time="0.001" classname="com.CPPIB.Test.HtmlMapTest"/>
  <testcase name="HtmlMapAddChildTest" time="0.000" classname="com.CPPIB.Test.HtmlMapTest"/>
</testsuite> <!-- com.CPPIB.Test.HtmlMapTest -->
