<?xml version="1.0" encoding="UTF-8"?>
<!-- Generated by org.testng.reporters.JUnitReportReporter -->
<testsuite name="com.CPPIB.Test.UiGridDivTest" tests="7" time="0.003" ignored="0" failures="0" timestamp="17 Jan 2017 15:51:41 GMT" skipped="0" hostname="DT-JDEROCHIE" errors="0">
  <testcase name="UiGridDivConstructorTest" time="0.000" classname="com.CPPIB.Test.UiGridDivTest"/>
  <testcase name="UiGridDivConstructorTest" time="0.000" classname="com.CPPIB.Test.UiGridDivTest"/>
  <testcase name="UiGridDivConstructorTest" time="0.001" classname="com.CPPIB.Test.UiGridDivTest"/>
  <testcase name="UiGridDivConstructorTest" time="0.000" classname="com.CPPIB.Test.UiGridDivTest"/>
  <testcase name="UiGridDivConstructorTest" time="0.001" classname="com.CPPIB.Test.UiGridDivTest"/>
  <testcase name="UiGridDivConstructorTest" time="0.000" classname="com.CPPIB.Test.UiGridDivTest"/>
  <testcase name="UiGridDivConstructorTest" time="0.001" classname="com.CPPIB.Test.UiGridDivTest"/>
</testsuite> <!-- com.CPPIB.Test.UiGridDivTest -->
